warning: doxygen no longer ships with the FreeSans font.
You may want to clear or change DOT_FONTNAME.
Otherwise you run the risk that the wrong font is being used for dot generated graphs.
warning: The selected output language "polish" has not been updated
since release 1.8.2.  As a result some sentences may appear in English.

sh: 1: sh: 1: dot: not founddot: not found

error: Problems running dot: exit code=127, command='dot', arguments='"/home/marek/Pulpit/Dr. inż Krzysztof Arent PROJEKT /Rotacje3D/z4/zalazek/dox/html/a00004.dot" -Tpng -o "/home/marek/Pulpit/Dr. inż Krzysztof Arent PROJEKT /Rotacje3D/z4/zalazek/dox/html/a00004.png"'
error: Problems running dot: exit code=127, command='dot', arguments='"/home/marek/Pulpit/Dr. inż Krzysztof Arent PROJEKT /Rotacje3D/z4/zalazek/dox/html/a00003.dot" -Tpng -o "/home/marek/Pulpit/Dr. inż Krzysztof Arent PROJEKT /Rotacje3D/z4/zalazek/dox/html/a00003.png"'
sh: 1: dot: not found
sh: 1: dot: not found
error: Problems running dot: exit code=127, command='dot', arguments='"/home/marek/Pulpit/Dr. inż Krzysztof Arent PROJEKT /Rotacje3D/z4/zalazek/dox/html/a00006.dot" -Tpng -o "/home/marek/Pulpit/Dr. inż Krzysztof Arent PROJEKT /Rotacje3D/z4/zalazek/dox/html/a00006.png"'
error: Problems running dot: exit code=127, command='dot', arguments='"/home/marek/Pulpit/Dr. inż Krzysztof Arent PROJEKT /Rotacje3D/z4/zalazek/dox/html/dir_62add219b7094ef6b0f28a1a48b748dc_dep.dot" -Tpng -o "/home/marek/Pulpit/Dr. inż Krzysztof Arent PROJEKT /Rotacje3D/z4/zalazek/dox/html/dir_62add219b7094ef6b0f28a1a48b748dc_dep.png"'
sh: 1: dot: not found
error: Problems running dot: exit code=127, command='dot', arguments='"/home/marek/Pulpit/Dr. inż Krzysztof Arent PROJEKT /Rotacje3D/z4/zalazek/dox/html/a00020_ae66f6b31b5ad750f1fe042a706a4e3d4_cgraph.dot" -Tpng -o "/home/marek/Pulpit/Dr. inż Krzysztof Arent PROJEKT /Rotacje3D/z4/zalazek/dox/html/a00020_ae66f6b31b5ad750f1fe042a706a4e3d4_cgraph.png"'
sh: 1: dot: not found
sh: 1: dot: not found
error: Problems running dot: exit code=127, command='dot', arguments='"/home/marek/Pulpit/Dr. inż Krzysztof Arent PROJEKT /Rotacje3D/z4/zalazek/dox/html/dir_bf00905d7c7737bae56f0fb615337019_dep.dot" -Tpng -o "/home/marek/Pulpit/Dr. inż Krzysztof Arent PROJEKT /Rotacje3D/z4/zalazek/dox/html/dir_bf00905d7c7737bae56f0fb615337019_dep.png"'
sh: 1: dot: not found
error: Problems running dot: exit code=127, command='dot', arguments='"/home/marek/Pulpit/Dr. inż Krzysztof Arent PROJEKT /Rotacje3D/z4/zalazek/dox/html/dir_0f112c60a1d5bc41314b6c2dde84a70b_dep.dot" -Tpng -o "/home/marek/Pulpit/Dr. inż Krzysztof Arent PROJEKT /Rotacje3D/z4/zalazek/dox/html/dir_0f112c60a1d5bc41314b6c2dde84a70b_dep.png"'
error: Problems running dot: exit code=127, command='dot', arguments='"/home/marek/Pulpit/Dr. inż Krzysztof Arent PROJEKT /Rotacje3D/z4/zalazek/dox/html/a00007.dot" -Tpng -o "/home/marek/Pulpit/Dr. inż Krzysztof Arent PROJEKT /Rotacje3D/z4/zalazek/dox/html/a00007.png"'
sh: 1: dot: not found
sh: 1: dot: not found
error: Problems running dot: exit code=127, command='dot', arguments='"/home/marek/Pulpit/Dr. inż Krzysztof Arent PROJEKT /Rotacje3D/z4/zalazek/dox/html/a00010.dot" -Tpng -o "/home/marek/Pulpit/Dr. inż Krzysztof Arent PROJEKT /Rotacje3D/z4/zalazek/dox/html/a00010.png"'
sh: 1: dot: not found
error: Problems running dot: exit code=127, command='dot', arguments='"/home/marek/Pulpit/Dr. inż Krzysztof Arent PROJEKT /Rotacje3D/z4/zalazek/dox/html/a00009.dot" -Tpng -o "/home/marek/Pulpit/Dr. inż Krzysztof Arent PROJEKT /Rotacje3D/z4/zalazek/dox/html/a00009.png"'
sh: 1: dot: not found
error: Problems running dot: exit code=127, command='dot', arguments='"/home/marek/Pulpit/Dr. inż Krzysztof Arent PROJEKT /Rotacje3D/z4/zalazek/dox/html/a00012.dot" -Tpng -o "/home/marek/Pulpit/Dr. inż Krzysztof Arent PROJEKT /Rotacje3D/z4/zalazek/dox/html/a00012.png"'
sh: 1: dot: not found
error: Problems running dot: exit code=127, command='dot', arguments='"/home/marek/Pulpit/Dr. inż Krzysztof Arent PROJEKT /Rotacje3D/z4/zalazek/dox/html/a00013.dot" -Tpng -o "/home/marek/Pulpit/Dr. inż Krzysztof Arent PROJEKT /Rotacje3D/z4/zalazek/dox/html/a00013.png"'
error: Problems running dot: exit code=127, command='dot', arguments='"/home/marek/Pulpit/Dr. inż Krzysztof Arent PROJEKT /Rotacje3D/z4/zalazek/dox/html/a00020_ad29f89fe022ee5b724b995c6bd8dec7d_icgraph.dot" -Tpng -o "/home/marek/Pulpit/Dr. inż Krzysztof Arent PROJEKT /Rotacje3D/z4/zalazek/dox/html/a00020_ad29f89fe022ee5b724b995c6bd8dec7d_icgraph.png"'
sh: 1: dot: not found
error: Problems running dot: exit code=127, command='dot', arguments='"/home/marek/Pulpit/Dr. inż Krzysztof Arent PROJEKT /Rotacje3D/z4/zalazek/dox/html/a00020_ad29f89fe022ee5b724b995c6bd8dec7d_cgraph.dot" -Tpng -o "/home/marek/Pulpit/Dr. inż Krzysztof Arent PROJEKT /Rotacje3D/z4/zalazek/dox/html/a00020_ad29f89fe022ee5b724b995c6bd8dec7d_cgraph.png"'
sh: 1: dot: not found
error: Problems running dot: exit code=127, command='dot', arguments='"/home/marek/Pulpit/Dr. inż Krzysztof Arent PROJEKT /Rotacje3D/z4/zalazek/dox/html/dir_d7941cd9cc40a53e22cedd7004f8798f_dep.dot" -Tpng -o "/home/marek/Pulpit/Dr. inż Krzysztof Arent PROJEKT /Rotacje3D/z4/zalazek/dox/html/dir_d7941cd9cc40a53e22cedd7004f8798f_dep.png"'
sh: 1: dot: not found
error: Problems running dot: exit code=127, command='dot', arguments='"/home/marek/Pulpit/Dr. inż Krzysztof Arent PROJEKT /Rotacje3D/z4/zalazek/dox/html/dir_d94315eced12a55e521c42ff8a0c9eba_dep.dot" -Tpng -o "/home/marek/Pulpit/Dr. inż Krzysztof Arent PROJEKT /Rotacje3D/z4/zalazek/dox/html/dir_d94315eced12a55e521c42ff8a0c9eba_dep.png"'
sh: 1: dot: not found
error: Problems running dot: exit code=127, command='dot', arguments='"/home/marek/Pulpit/Dr. inż Krzysztof Arent PROJEKT /Rotacje3D/z4/zalazek/dox/html/a00015.dot" -Tpng -o "/home/marek/Pulpit/Dr. inż Krzysztof Arent PROJEKT /Rotacje3D/z4/zalazek/dox/html/a00015.png"'
sh: 1: dot: not found
error: Problems running dot: exit code=127, command='dot', arguments='"/home/marek/Pulpit/Dr. inż Krzysztof Arent PROJEKT /Rotacje3D/z4/zalazek/dox/html/a00021.dot" -Tpng -o "/home/marek/Pulpit/Dr. inż Krzysztof Arent PROJEKT /Rotacje3D/z4/zalazek/dox/html/a00021.png"'
sh: 1: dot: not found
error: Problems running dot: exit code=127, command='dot', arguments='"/home/marek/Pulpit/Dr. inż Krzysztof Arent PROJEKT /Rotacje3D/z4/zalazek/dox/html/a00016.dot" -Tpng -o "/home/marek/Pulpit/Dr. inż Krzysztof Arent PROJEKT /Rotacje3D/z4/zalazek/dox/html/a00016.png"'
sh: 1: dot: not found
sh: 1: dot: not found
error: Problems running dot: exit code=127, command='dot', arguments='"/home/marek/Pulpit/Dr. inż Krzysztof Arent PROJEKT /Rotacje3D/z4/zalazek/dox/html/dir_eacdb98143f7e604e5ea8a9c7d10e549_dep.dot" -Tpng -o "/home/marek/Pulpit/Dr. inż Krzysztof Arent PROJEKT /Rotacje3D/z4/zalazek/dox/html/dir_eacdb98143f7e604e5ea8a9c7d10e549_dep.png"'
error: Problems running dot: exit code=127, command='dot', arguments='"/home/marek/Pulpit/Dr. inż Krzysztof Arent PROJEKT /Rotacje3D/z4/zalazek/dox/html/graph_legend.dot" -Tpng -o "/home/marek/Pulpit/Dr. inż Krzysztof Arent PROJEKT /Rotacje3D/z4/zalazek/dox/html/graph_legend.png"'
sh: 1: dot: not found
error: Problems running dot: exit code=127, command='dot', arguments='"/home/marek/Pulpit/Dr. inż Krzysztof Arent PROJEKT /Rotacje3D/z4/zalazek/dox/html/dir_1e1303af069637927ae024b24dfccfd9_dep.dot" -Tpng -o "/home/marek/Pulpit/Dr. inż Krzysztof Arent PROJEKT /Rotacje3D/z4/zalazek/dox/html/dir_1e1303af069637927ae024b24dfccfd9_dep.png"'
sh: 1: dot: not found
error: Problems running dot: exit code=127, command='dot', arguments='"/home/marek/Pulpit/Dr. inż Krzysztof Arent PROJEKT /Rotacje3D/z4/zalazek/dox/html/a00018.dot" -Tpng -o "/home/marek/Pulpit/Dr. inż Krzysztof Arent PROJEKT /Rotacje3D/z4/zalazek/dox/html/a00018.png"'
sh: 1: dot: not found
sh: 1: dot: not found
error: Problems running dot: exit code=127, command='dot', arguments='"/home/marek/Pulpit/Dr. inż Krzysztof Arent PROJEKT /Rotacje3D/z4/zalazek/dox/html/a00030.dot" -Tpng -o "/home/marek/Pulpit/Dr. inż Krzysztof Arent PROJEKT /Rotacje3D/z4/zalazek/dox/html/a00030.png"'
error: Problems running dot: exit code=127, command='dot', arguments='"/home/marek/Pulpit/Dr. inż Krzysztof Arent PROJEKT /Rotacje3D/z4/zalazek/dox/html/a00024.dot" -Tpng -o "/home/marek/Pulpit/Dr. inż Krzysztof Arent PROJEKT /Rotacje3D/z4/zalazek/dox/html/a00024.png"'
sh: 1: dot: not found
error: Problems running dot: exit code=127, command='dot', arguments='"/home/marek/Pulpit/Dr. inż Krzysztof Arent PROJEKT /Rotacje3D/z4/zalazek/dox/html/dir_77b50abcf4a26f9896ca79cd271b7b9b_dep.dot" -Tpng -o "/home/marek/Pulpit/Dr. inż Krzysztof Arent PROJEKT /Rotacje3D/z4/zalazek/dox/html/dir_77b50abcf4a26f9896ca79cd271b7b9b_dep.png"'
sh: 1: dot: not found
error: Problems running dot: exit code=127, command='dot', arguments='"/home/marek/Pulpit/Dr. inż Krzysztof Arent PROJEKT /Rotacje3D/z4/zalazek/dox/html/a00027.dot" -Tpng -o "/home/marek/Pulpit/Dr. inż Krzysztof Arent PROJEKT /Rotacje3D/z4/zalazek/dox/html/a00027.png"'
sh: 1: dot: not found
error: Problems running dot: exit code=127, command='dot', arguments='"/home/marek/Pulpit/Dr. inż Krzysztof Arent PROJEKT /Rotacje3D/z4/zalazek/dox/html/dir_43e0a1f539e00dcfa1a6bc4d4fee4fc2_dep.dot" -Tpng -o "/home/marek/Pulpit/Dr. inż Krzysztof Arent PROJEKT /Rotacje3D/z4/zalazek/dox/html/dir_43e0a1f539e00dcfa1a6bc4d4fee4fc2_dep.png"'
sh: 1: dot: not found
error: Problems running dot: exit code=127, command='dot', arguments='"/home/marek/Pulpit/Dr. inż Krzysztof Arent PROJEKT /Rotacje3D/z4/zalazek/dox/html/a00020_aad5e225fdb9330dd4b2cac1cf31142b5_icgraph.dot" -Tpng -o "/home/marek/Pulpit/Dr. inż Krzysztof Arent PROJEKT /Rotacje3D/z4/zalazek/dox/html/a00020_aad5e225fdb9330dd4b2cac1cf31142b5_icgraph.png"'
error: problems opening map file /home/marek/Pulpit/Dr. inż Krzysztof Arent PROJEKT /Rotacje3D/z4/zalazek/dox/html/a00003.map for inclusion in the docs!
If you installed Graphviz/dot after a previous failing run, 
try deleting the output directory and rerun doxygen.
error: problems opening map file /home/marek/Pulpit/Dr. inż Krzysztof Arent PROJEKT /Rotacje3D/z4/zalazek/dox/html/a00004.map for inclusion in the docs!
If you installed Graphviz/dot after a previous failing run, 
try deleting the output directory and rerun doxygen.
error: problems opening map file /home/marek/Pulpit/Dr. inż Krzysztof Arent PROJEKT /Rotacje3D/z4/zalazek/dox/html/a00006.map for inclusion in the docs!
If you installed Graphviz/dot after a previous failing run, 
try deleting the output directory and rerun doxygen.
error: problems opening map file /home/marek/Pulpit/Dr. inż Krzysztof Arent PROJEKT /Rotacje3D/z4/zalazek/dox/html/a00007.map for inclusion in the docs!
If you installed Graphviz/dot after a previous failing run, 
try deleting the output directory and rerun doxygen.
error: problems opening map file /home/marek/Pulpit/Dr. inż Krzysztof Arent PROJEKT /Rotacje3D/z4/zalazek/dox/html/a00009.map for inclusion in the docs!
If you installed Graphviz/dot after a previous failing run, 
try deleting the output directory and rerun doxygen.
error: problems opening map file /home/marek/Pulpit/Dr. inż Krzysztof Arent PROJEKT /Rotacje3D/z4/zalazek/dox/html/a00010.map for inclusion in the docs!
If you installed Graphviz/dot after a previous failing run, 
try deleting the output directory and rerun doxygen.
error: problems opening map file /home/marek/Pulpit/Dr. inż Krzysztof Arent PROJEKT /Rotacje3D/z4/zalazek/dox/html/a00012.map for inclusion in the docs!
If you installed Graphviz/dot after a previous failing run, 
try deleting the output directory and rerun doxygen.
error: problems opening map file /home/marek/Pulpit/Dr. inż Krzysztof Arent PROJEKT /Rotacje3D/z4/zalazek/dox/html/a00013.map for inclusion in the docs!
If you installed Graphviz/dot after a previous failing run, 
try deleting the output directory and rerun doxygen.
error: problems opening map file /home/marek/Pulpit/Dr. inż Krzysztof Arent PROJEKT /Rotacje3D/z4/zalazek/dox/html/a00015.map for inclusion in the docs!
If you installed Graphviz/dot after a previous failing run, 
try deleting the output directory and rerun doxygen.
error: problems opening map file /home/marek/Pulpit/Dr. inż Krzysztof Arent PROJEKT /Rotacje3D/z4/zalazek/dox/html/a00016.map for inclusion in the docs!
If you installed Graphviz/dot after a previous failing run, 
try deleting the output directory and rerun doxygen.
error: problems opening map file /home/marek/Pulpit/Dr. inż Krzysztof Arent PROJEKT /Rotacje3D/z4/zalazek/dox/html/a00018.map for inclusion in the docs!
If you installed Graphviz/dot after a previous failing run, 
try deleting the output directory and rerun doxygen.
error: problems opening map file /home/marek/Pulpit/Dr. inż Krzysztof Arent PROJEKT /Rotacje3D/z4/zalazek/dox/html/a00021.map for inclusion in the docs!
If you installed Graphviz/dot after a previous failing run, 
try deleting the output directory and rerun doxygen.
error: problems opening map file /home/marek/Pulpit/Dr. inż Krzysztof Arent PROJEKT /Rotacje3D/z4/zalazek/dox/html/a00020_ae66f6b31b5ad750f1fe042a706a4e3d4_cgraph.map for inclusion in the docs!
If you installed Graphviz/dot after a previous failing run, 
try deleting the output directory and rerun doxygen.
error: problems opening map file /home/marek/Pulpit/Dr. inż Krzysztof Arent PROJEKT /Rotacje3D/z4/zalazek/dox/html/a00020_ad29f89fe022ee5b724b995c6bd8dec7d_cgraph.map for inclusion in the docs!
If you installed Graphviz/dot after a previous failing run, 
try deleting the output directory and rerun doxygen.
error: problems opening map file /home/marek/Pulpit/Dr. inż Krzysztof Arent PROJEKT /Rotacje3D/z4/zalazek/dox/html/a00020_ad29f89fe022ee5b724b995c6bd8dec7d_icgraph.map for inclusion in the docs!
If you installed Graphviz/dot after a previous failing run, 
try deleting the output directory and rerun doxygen.
error: problems opening map file /home/marek/Pulpit/Dr. inż Krzysztof Arent PROJEKT /Rotacje3D/z4/zalazek/dox/html/a00020_aad5e225fdb9330dd4b2cac1cf31142b5_icgraph.map for inclusion in the docs!
If you installed Graphviz/dot after a previous failing run, 
try deleting the output directory and rerun doxygen.
error: problems opening map file /home/marek/Pulpit/Dr. inż Krzysztof Arent PROJEKT /Rotacje3D/z4/zalazek/dox/html/a00024.map for inclusion in the docs!
If you installed Graphviz/dot after a previous failing run, 
try deleting the output directory and rerun doxygen.
error: problems opening map file /home/marek/Pulpit/Dr. inż Krzysztof Arent PROJEKT /Rotacje3D/z4/zalazek/dox/html/a00027.map for inclusion in the docs!
If you installed Graphviz/dot after a previous failing run, 
try deleting the output directory and rerun doxygen.
error: problems opening map file /home/marek/Pulpit/Dr. inż Krzysztof Arent PROJEKT /Rotacje3D/z4/zalazek/dox/html/a00030.map for inclusion in the docs!
If you installed Graphviz/dot after a previous failing run, 
try deleting the output directory and rerun doxygen.
error: problems opening map file /home/marek/Pulpit/Dr. inż Krzysztof Arent PROJEKT /Rotacje3D/z4/zalazek/dox/html/dir_62add219b7094ef6b0f28a1a48b748dc_dep.map for inclusion in the docs!
If you installed Graphviz/dot after a previous failing run, 
try deleting the output directory and rerun doxygen.
error: problems opening map file /home/marek/Pulpit/Dr. inż Krzysztof Arent PROJEKT /Rotacje3D/z4/zalazek/dox/html/dir_43e0a1f539e00dcfa1a6bc4d4fee4fc2_dep.map for inclusion in the docs!
If you installed Graphviz/dot after a previous failing run, 
try deleting the output directory and rerun doxygen.
error: problems opening map file /home/marek/Pulpit/Dr. inż Krzysztof Arent PROJEKT /Rotacje3D/z4/zalazek/dox/html/dir_d7941cd9cc40a53e22cedd7004f8798f_dep.map for inclusion in the docs!
If you installed Graphviz/dot after a previous failing run, 
try deleting the output directory and rerun doxygen.
error: problems opening map file /home/marek/Pulpit/Dr. inż Krzysztof Arent PROJEKT /Rotacje3D/z4/zalazek/dox/html/dir_bf00905d7c7737bae56f0fb615337019_dep.map for inclusion in the docs!
If you installed Graphviz/dot after a previous failing run, 
try deleting the output directory and rerun doxygen.
error: problems opening map file /home/marek/Pulpit/Dr. inż Krzysztof Arent PROJEKT /Rotacje3D/z4/zalazek/dox/html/dir_77b50abcf4a26f9896ca79cd271b7b9b_dep.map for inclusion in the docs!
If you installed Graphviz/dot after a previous failing run, 
try deleting the output directory and rerun doxygen.
error: problems opening map file /home/marek/Pulpit/Dr. inż Krzysztof Arent PROJEKT /Rotacje3D/z4/zalazek/dox/html/dir_d94315eced12a55e521c42ff8a0c9eba_dep.map for inclusion in the docs!
If you installed Graphviz/dot after a previous failing run, 
try deleting the output directory and rerun doxygen.
error: problems opening map file /home/marek/Pulpit/Dr. inż Krzysztof Arent PROJEKT /Rotacje3D/z4/zalazek/dox/html/dir_0f112c60a1d5bc41314b6c2dde84a70b_dep.map for inclusion in the docs!
If you installed Graphviz/dot after a previous failing run, 
try deleting the output directory and rerun doxygen.
error: problems opening map file /home/marek/Pulpit/Dr. inż Krzysztof Arent PROJEKT /Rotacje3D/z4/zalazek/dox/html/dir_1e1303af069637927ae024b24dfccfd9_dep.map for inclusion in the docs!
If you installed Graphviz/dot after a previous failing run, 
try deleting the output directory and rerun doxygen.
error: problems opening map file /home/marek/Pulpit/Dr. inż Krzysztof Arent PROJEKT /Rotacje3D/z4/zalazek/dox/html/dir_eacdb98143f7e604e5ea8a9c7d10e549_dep.map for inclusion in the docs!
If you installed Graphviz/dot after a previous failing run, 
try deleting the output directory and rerun doxygen.
